<?xml version="1.0" encoding="UTF-8"?>
<!-- Generated by org.testng.reporters.JUnitReportReporter -->
<testsuite hostname="DESKTOP-UFLT0U7" name="driverFactory.TestScript" tests="2" failures="0" timestamp="6 May 2022 14:16:12 GMT" time="56.588" errors="0">
  <testcase name="validateEmp" time="25.250" classname="driverFactory.TestScript"/>
  <testcase name="validateUser" time="31.338" classname="driverFactory.TestScript"/>
</testsuite> <!-- driverFactory.TestScript -->
