<?xml version="1.0" encoding="UTF-8"?>
<!-- Generated by org.testng.reporters.JUnitReportReporter -->
<testsuite hostname="DESKTOP-UFLT0U7" name="driverFactory.DriverScriptPOM" tests="1" failures="0" timestamp="6 May 2022 14:14:13 GMT" time="165.283" errors="0">
  <testcase name="validateUser" time="165.283" classname="driverFactory.DriverScriptPOM"/>
</testsuite> <!-- driverFactory.DriverScriptPOM -->
