<?xml version="1.0" encoding="UTF-8"?>
<!-- Generated by org.testng.reporters.JUnitReportReporter -->
<testsuite hostname="DESKTOP-UFLT0U7" name="driverFactory.DrvierScript" tests="1" failures="0" timestamp="5 May 2022 08:40:28 GMT" time="44.335" errors="0">
  <testcase name="validatelogin" time="44.335" classname="driverFactory.DrvierScript"/>
</testsuite> <!-- driverFactory.DrvierScript -->
